<?xml version="1.0" encoding="UTF-8"?>
<!-- Generated by org.testng.reporters.JUnitReportReporter -->
<testsuite hostname="LAPTOP-L5088STR" failures="0" tests="2" name="test.GlistenCosmeticsTest" time="25.883" errors="0" timestamp="2022-11-20T23:39:51 MSK" skipped="0">
  <testcase classname="test.GlistenCosmeticsTest" name="testEmptySearchResult" time="11.565"/>
  <system-out/>
  <testcase classname="test.GlistenCosmeticsTest" name="testAddItemToCart" time="14.318"/>
  <system-out/>
</testsuite> <!-- test.GlistenCosmeticsTest -->
