<?xml version="1.0" encoding="UTF-8"?>
<!-- Generated by org.testng.reporters.JUnitReportReporter -->
<testsuite hostname="LAPTOP-L5088STR" failures="0" tests="1" name="test.GlistenCosmeticsTest" time="14.964" errors="0" timestamp="2022-11-20T23:20:38 MSK" skipped="0">
  <testcase classname="test.GlistenCosmeticsTest" name="testAddItemToCart" time="14.964"/>
  <system-out/>
</testsuite> <!-- test.GlistenCosmeticsTest -->
